<?xml version="1.0" encoding="UTF-8"?>
<testsuite name="com.example.demo.integration.controller.NotifierListenerControllerTest" tests="1" skipped="0" failures="0" errors="0" timestamp="2023-05-25T16:40:04" hostname="DESKTOP-UIM1VB6" time="20.356">
  <properties/>
  <testcase name="Given_pickupPetNotificationJson_When_invoke_receiveOrder_Then_return_successful_message()" classname="com.example.demo.integration.controller.NotifierListenerControllerTest" time="20.356"/>
  <system-out><![CDATA[11:40:01.400 [Test worker] DEBUG org.springframework.test.context.BootstrapUtils - Instantiating CacheAwareContextLoaderDelegate from class [org.springframework.test.context.cache.DefaultCacheAwareContextLoaderDelegate]
11:40:01.421 [Test worker] DEBUG org.springframework.test.context.BootstrapUtils - Instantiating BootstrapContext using constructor [public org.springframework.test.context.support.DefaultBootstrapContext(java.lang.Class,org.springframework.test.context.CacheAwareContextLoaderDelegate)]
11:40:01.481 [Test worker] DEBUG org.springframework.test.context.BootstrapUtils - Instantiating TestContextBootstrapper for test class [com.example.demo.integration.controller.NotifierListenerControllerTest] from class [org.springframework.boot.test.context.SpringBootTestContextBootstrapper]
11:40:01.497 [Test worker] INFO org.springframework.boot.test.context.SpringBootTestContextBootstrapper - Neither @ContextConfiguration nor @ContextHierarchy found for test class [com.example.demo.integration.controller.NotifierListenerControllerTest], using SpringBootContextLoader
11:40:01.504 [Test worker] DEBUG org.springframework.test.context.support.AbstractContextLoader - Did not detect default resource location for test class [com.example.demo.integration.controller.NotifierListenerControllerTest]: class path resource [com/example/demo/integration/controller/NotifierListenerControllerTest-context.xml] does not exist
11:40:01.505 [Test worker] DEBUG org.springframework.test.context.support.AbstractContextLoader - Did not detect default resource location for test class [com.example.demo.integration.controller.NotifierListenerControllerTest]: class path resource [com/example/demo/integration/controller/NotifierListenerControllerTestContext.groovy] does not exist
11:40:01.505 [Test worker] INFO org.springframework.test.context.support.AbstractContextLoader - Could not detect default resource locations for test class [com.example.demo.integration.controller.NotifierListenerControllerTest]: no resource found for suffixes {-context.xml, Context.groovy}.
11:40:01.506 [Test worker] INFO org.springframework.test.context.support.AnnotationConfigContextLoaderUtils - Could not detect default configuration classes for test class [com.example.demo.integration.controller.NotifierListenerControllerTest]: NotifierListenerControllerTest does not declare any static, non-private, non-final, nested classes annotated with @Configuration.
11:40:01.654 [Test worker] DEBUG org.springframework.context.annotation.ClassPathScanningCandidateComponentProvider - Identified candidate component class: file [C:\Users\Angel D Gomez\Documents\Uni\Software\RestFull\Notifier\build\classes\java\main\com\example\demo\NotifierApplication.class]
11:40:01.656 [Test worker] INFO org.springframework.boot.test.context.SpringBootTestContextBootstrapper - Found @SpringBootConfiguration com.example.demo.NotifierApplication for test class com.example.demo.integration.controller.NotifierListenerControllerTest
11:40:01.798 [Test worker] DEBUG org.springframework.boot.test.context.SpringBootTestContextBootstrapper - @TestExecutionListeners is not present for class [com.example.demo.integration.controller.NotifierListenerControllerTest]: using defaults.
11:40:01.798 [Test worker] INFO org.springframework.boot.test.context.SpringBootTestContextBootstrapper - Loaded default TestExecutionListener class names from location [META-INF/spring.factories]: [org.springframework.boot.test.autoconfigure.restdocs.RestDocsTestExecutionListener, org.springframework.boot.test.autoconfigure.web.client.MockRestServiceServerResetTestExecutionListener, org.springframework.boot.test.autoconfigure.web.servlet.MockMvcPrintOnlyOnFailureTestExecutionListener, org.springframework.boot.test.autoconfigure.web.servlet.WebDriverTestExecutionListener, org.springframework.boot.test.autoconfigure.webservices.client.MockWebServiceServerTestExecutionListener, org.springframework.boot.test.mock.mockito.MockitoTestExecutionListener, org.springframework.boot.test.mock.mockito.ResetMocksTestExecutionListener, org.springframework.test.context.web.ServletTestExecutionListener, org.springframework.test.context.support.DirtiesContextBeforeModesTestExecutionListener, org.springframework.test.context.event.ApplicationEventsTestExecutionListener, org.springframework.test.context.support.DependencyInjectionTestExecutionListener, org.springframework.test.context.support.DirtiesContextTestExecutionListener, org.springframework.test.context.transaction.TransactionalTestExecutionListener, org.springframework.test.context.jdbc.SqlScriptsTestExecutionListener, org.springframework.test.context.event.EventPublishingTestExecutionListener]
11:40:01.822 [Test worker] INFO org.springframework.boot.test.context.SpringBootTestContextBootstrapper - Using TestExecutionListeners: [org.springframework.test.context.web.ServletTestExecutionListener@497d4c96, org.springframework.test.context.support.DirtiesContextBeforeModesTestExecutionListener@3472947a, org.springframework.test.context.event.ApplicationEventsTestExecutionListener@69d3cf7e, org.springframework.boot.test.mock.mockito.MockitoTestExecutionListener@3a3ed300, org.springframework.boot.test.autoconfigure.SpringBootDependencyInjectionTestExecutionListener@1984212d, org.springframework.test.context.support.DirtiesContextTestExecutionListener@39f5b723, org.springframework.test.context.transaction.TransactionalTestExecutionListener@4eaa375c, org.springframework.test.context.jdbc.SqlScriptsTestExecutionListener@2404b5a, org.springframework.test.context.event.EventPublishingTestExecutionListener@3af58f76, org.springframework.boot.test.autoconfigure.restdocs.RestDocsTestExecutionListener@2ead6ba4, org.springframework.boot.test.autoconfigure.web.client.MockRestServiceServerResetTestExecutionListener@31a2a9fa, org.springframework.boot.test.autoconfigure.web.servlet.MockMvcPrintOnlyOnFailureTestExecutionListener@31b82e0f, org.springframework.boot.test.autoconfigure.web.servlet.WebDriverTestExecutionListener@27a09971, org.springframework.boot.test.autoconfigure.webservices.client.MockWebServiceServerTestExecutionListener@6215366a, org.springframework.boot.test.mock.mockito.ResetMocksTestExecutionListener@46dcbeab]
11:40:01.827 [Test worker] DEBUG org.springframework.test.context.support.AbstractDirtiesContextTestExecutionListener - Before test class: context [DefaultTestContext@cedee22 testClass = NotifierListenerControllerTest, testInstance = [null], testMethod = [null], testException = [null], mergedContextConfiguration = [WebMergedContextConfiguration@59b32539 testClass = NotifierListenerControllerTest, locations = '{}', classes = '{class com.example.demo.NotifierApplication}', contextInitializerClasses = '[]', activeProfiles = '{test}', propertySourceLocations = '{}', propertySourceProperties = '{org.springframework.boot.test.context.SpringBootTestContextBootstrapper=true, server.port=0}', contextCustomizers = set[org.springframework.boot.test.autoconfigure.actuate.metrics.MetricsExportContextCustomizerFactory$DisableMetricExportContextCustomizer@7808f638, org.springframework.boot.test.autoconfigure.properties.PropertyMappingContextCustomizer@0, org.springframework.boot.test.autoconfigure.web.servlet.WebDriverContextCustomizerFactory$Customizer@2d0ecb24, org.springframework.boot.test.context.filter.ExcludeFilterContextCustomizer@350a94ce, org.springframework.boot.test.json.DuplicateJsonObjectContextCustomizerFactory$DuplicateJsonObjectContextCustomizer@37d871c2, org.springframework.boot.test.mock.mockito.MockitoContextCustomizer@0, org.springframework.boot.test.web.client.TestRestTemplateContextCustomizer@17b6d426, org.springframework.boot.test.context.SpringBootTestArgs@1, org.springframework.boot.test.context.SpringBootTestWebEnvironment@4efcf8a], resourceBasePath = 'src/main/webapp', contextLoader = 'org.springframework.boot.test.context.SpringBootContextLoader', parent = [null]], attributes = map['org.springframework.test.context.web.ServletTestExecutionListener.activateListener' -> false]], class annotated with @DirtiesContext [false] with mode [null].
11:40:01.840 [Test worker] DEBUG org.springframework.test.context.support.DependencyInjectionTestExecutionListener - Performing dependency injection for test context [[DefaultTestContext@cedee22 testClass = NotifierListenerControllerTest, testInstance = com.example.demo.integration.controller.NotifierListenerControllerTest@65f40689, testMethod = [null], testException = [null], mergedContextConfiguration = [WebMergedContextConfiguration@59b32539 testClass = NotifierListenerControllerTest, locations = '{}', classes = '{class com.example.demo.NotifierApplication}', contextInitializerClasses = '[]', activeProfiles = '{test}', propertySourceLocations = '{}', propertySourceProperties = '{org.springframework.boot.test.context.SpringBootTestContextBootstrapper=true, server.port=0}', contextCustomizers = set[org.springframework.boot.test.autoconfigure.actuate.metrics.MetricsExportContextCustomizerFactory$DisableMetricExportContextCustomizer@7808f638, org.springframework.boot.test.autoconfigure.properties.PropertyMappingContextCustomizer@0, org.springframework.boot.test.autoconfigure.web.servlet.WebDriverContextCustomizerFactory$Customizer@2d0ecb24, org.springframework.boot.test.context.filter.ExcludeFilterContextCustomizer@350a94ce, org.springframework.boot.test.json.DuplicateJsonObjectContextCustomizerFactory$DuplicateJsonObjectContextCustomizer@37d871c2, org.springframework.boot.test.mock.mockito.MockitoContextCustomizer@0, org.springframework.boot.test.web.client.TestRestTemplateContextCustomizer@17b6d426, org.springframework.boot.test.context.SpringBootTestArgs@1, org.springframework.boot.test.context.SpringBootTestWebEnvironment@4efcf8a], resourceBasePath = 'src/main/webapp', contextLoader = 'org.springframework.boot.test.context.SpringBootContextLoader', parent = [null]], attributes = map['org.springframework.test.context.web.ServletTestExecutionListener.activateListener' -> false, 'org.springframework.test.context.event.ApplicationEventsTestExecutionListener.recordApplicationEvents' -> false]]].

  .   ____          _            __ _ _
 /\\ / ___'_ __ _ _(_)_ __  __ _ \ \ \ \
( ( )\___ | '_ | '_| | '_ \/ _` | \ \ \ \
 \\/  ___)| |_)| | | | | || (_| |  ) ) ) )
  '  |____| .__|_| |_|_| |_\__, | / / / /
 =========|_|==============|___/=/_/_/_/
 :: Spring Boot ::               (v2.7.11)

2023-05-25 11:40:02.301  INFO 11628 --- [    Test worker] c.e.d.i.c.NotifierListenerControllerTest : Starting NotifierListenerControllerTest using Java 17.0.6 on DESKTOP-UIM1VB6 with PID 11628 (started by Angel D Gomez in C:\Users\Angel D Gomez\Documents\Uni\Software\RestFull\Notifier)
2023-05-25 11:40:02.302  INFO 11628 --- [    Test worker] c.e.d.i.c.NotifierListenerControllerTest : The following 1 profile is active: "test"
2023-05-25 11:40:03.516  INFO 11628 --- [    Test worker] o.s.b.w.embedded.tomcat.TomcatWebServer  : Tomcat initialized with port(s): 0 (http)
2023-05-25 11:40:03.533  INFO 11628 --- [    Test worker] o.apache.catalina.core.StandardService   : Starting service [Tomcat]
2023-05-25 11:40:03.534  INFO 11628 --- [    Test worker] org.apache.catalina.core.StandardEngine  : Starting Servlet engine: [Apache Tomcat/9.0.74]
2023-05-25 11:40:03.625  INFO 11628 --- [    Test worker] o.a.c.c.C.[Tomcat].[localhost].[/]       : Initializing Spring embedded WebApplicationContext
2023-05-25 11:40:03.626  INFO 11628 --- [    Test worker] w.s.c.ServletWebServerApplicationContext : Root WebApplicationContext: initialization completed in 1289 ms
2023-05-25 11:40:04.687  INFO 11628 --- [    Test worker] o.s.b.w.embedded.tomcat.TomcatWebServer  : Tomcat started on port(s): 54261 (http) with context path ''
2023-05-25 11:40:04.689  INFO 11628 --- [    Test worker] o.s.a.r.c.CachingConnectionFactory       : Attempting to connect to: [localhost:5672]
2023-05-25 11:40:04.762  INFO 11628 --- [    Test worker] o.s.a.r.c.CachingConnectionFactory       : Created new connection: rabbitConnectionFactory#346e62d7:0/SimpleConnection@41019f9d [delegate=amqp://guest@127.0.0.1:5672/, localPort= 54262]
2023-05-25 11:40:04.815  INFO 11628 --- [    Test worker] c.e.d.i.c.NotifierListenerControllerTest : Started NotifierListenerControllerTest in 2.935 seconds (JVM running for 4.463)
]]></system-out>
  <system-err><![CDATA[]]></system-err>
</testsuite>
