<?xml version="1.0" encoding="UTF-8"?>
<testsuite name="com.example.demo.NotifierApplicationTests" tests="1" skipped="0" failures="0" errors="0" timestamp="2023-05-25T16:25:10" hostname="DESKTOP-UIM1VB6" time="0.475">
  <properties/>
  <testcase name="contextLoads()" classname="com.example.demo.NotifierApplicationTests" time="0.475"/>
  <system-out><![CDATA[11:25:06.971 [Test worker] DEBUG org.springframework.test.context.BootstrapUtils - Instantiating CacheAwareContextLoaderDelegate from class [org.springframework.test.context.cache.DefaultCacheAwareContextLoaderDelegate]
11:25:06.993 [Test worker] DEBUG org.springframework.test.context.BootstrapUtils - Instantiating BootstrapContext using constructor [public org.springframework.test.context.support.DefaultBootstrapContext(java.lang.Class,org.springframework.test.context.CacheAwareContextLoaderDelegate)]
11:25:07.059 [Test worker] DEBUG org.springframework.test.context.BootstrapUtils - Instantiating TestContextBootstrapper for test class [com.example.demo.NotifierApplicationTests] from class [org.springframework.boot.test.context.SpringBootTestContextBootstrapper]
11:25:07.080 [Test worker] INFO org.springframework.boot.test.context.SpringBootTestContextBootstrapper - Neither @ContextConfiguration nor @ContextHierarchy found for test class [com.example.demo.NotifierApplicationTests], using SpringBootContextLoader
11:25:07.087 [Test worker] DEBUG org.springframework.test.context.support.AbstractContextLoader - Did not detect default resource location for test class [com.example.demo.NotifierApplicationTests]: class path resource [com/example/demo/NotifierApplicationTests-context.xml] does not exist
11:25:07.087 [Test worker] DEBUG org.springframework.test.context.support.AbstractContextLoader - Did not detect default resource location for test class [com.example.demo.NotifierApplicationTests]: class path resource [com/example/demo/NotifierApplicationTestsContext.groovy] does not exist
11:25:07.087 [Test worker] INFO org.springframework.test.context.support.AbstractContextLoader - Could not detect default resource locations for test class [com.example.demo.NotifierApplicationTests]: no resource found for suffixes {-context.xml, Context.groovy}.
11:25:07.088 [Test worker] INFO org.springframework.test.context.support.AnnotationConfigContextLoaderUtils - Could not detect default configuration classes for test class [com.example.demo.NotifierApplicationTests]: NotifierApplicationTests does not declare any static, non-private, non-final, nested classes annotated with @Configuration.
11:25:07.149 [Test worker] DEBUG org.springframework.test.context.support.ActiveProfilesUtils - Could not find an 'annotation declaring class' for annotation type [org.springframework.test.context.ActiveProfiles] and class [com.example.demo.NotifierApplicationTests]
11:25:07.247 [Test worker] DEBUG org.springframework.context.annotation.ClassPathScanningCandidateComponentProvider - Identified candidate component class: file [C:\Users\Angel D Gomez\Documents\Uni\Software\RestFull\Notifier\build\classes\java\main\com\example\demo\NotifierApplication.class]
11:25:07.249 [Test worker] INFO org.springframework.boot.test.context.SpringBootTestContextBootstrapper - Found @SpringBootConfiguration com.example.demo.NotifierApplication for test class com.example.demo.NotifierApplicationTests
11:25:07.401 [Test worker] DEBUG org.springframework.boot.test.context.SpringBootTestContextBootstrapper - @TestExecutionListeners is not present for class [com.example.demo.NotifierApplicationTests]: using defaults.
11:25:07.402 [Test worker] INFO org.springframework.boot.test.context.SpringBootTestContextBootstrapper - Loaded default TestExecutionListener class names from location [META-INF/spring.factories]: [org.springframework.boot.test.autoconfigure.restdocs.RestDocsTestExecutionListener, org.springframework.boot.test.autoconfigure.web.client.MockRestServiceServerResetTestExecutionListener, org.springframework.boot.test.autoconfigure.web.servlet.MockMvcPrintOnlyOnFailureTestExecutionListener, org.springframework.boot.test.autoconfigure.web.servlet.WebDriverTestExecutionListener, org.springframework.boot.test.autoconfigure.webservices.client.MockWebServiceServerTestExecutionListener, org.springframework.boot.test.mock.mockito.MockitoTestExecutionListener, org.springframework.boot.test.mock.mockito.ResetMocksTestExecutionListener, org.springframework.test.context.web.ServletTestExecutionListener, org.springframework.test.context.support.DirtiesContextBeforeModesTestExecutionListener, org.springframework.test.context.event.ApplicationEventsTestExecutionListener, org.springframework.test.context.support.DependencyInjectionTestExecutionListener, org.springframework.test.context.support.DirtiesContextTestExecutionListener, org.springframework.test.context.transaction.TransactionalTestExecutionListener, org.springframework.test.context.jdbc.SqlScriptsTestExecutionListener, org.springframework.test.context.event.EventPublishingTestExecutionListener]
11:25:07.432 [Test worker] INFO org.springframework.boot.test.context.SpringBootTestContextBootstrapper - Using TestExecutionListeners: [org.springframework.test.context.web.ServletTestExecutionListener@3e1fd62b, org.springframework.test.context.support.DirtiesContextBeforeModesTestExecutionListener@7112ce6, org.springframework.test.context.event.ApplicationEventsTestExecutionListener@558b4942, org.springframework.boot.test.mock.mockito.MockitoTestExecutionListener@30ec7d21, org.springframework.boot.test.autoconfigure.SpringBootDependencyInjectionTestExecutionListener@70025b99, org.springframework.test.context.support.DirtiesContextTestExecutionListener@7efa3f63, org.springframework.test.context.transaction.TransactionalTestExecutionListener@7134b8a7, org.springframework.test.context.jdbc.SqlScriptsTestExecutionListener@2262d6d5, org.springframework.test.context.event.EventPublishingTestExecutionListener@40de8f93, org.springframework.boot.test.autoconfigure.restdocs.RestDocsTestExecutionListener@6ff0b1cc, org.springframework.boot.test.autoconfigure.web.client.MockRestServiceServerResetTestExecutionListener@3b55dd15, org.springframework.boot.test.autoconfigure.web.servlet.MockMvcPrintOnlyOnFailureTestExecutionListener@f3560d4, org.springframework.boot.test.autoconfigure.web.servlet.WebDriverTestExecutionListener@3ba3d4b6, org.springframework.boot.test.autoconfigure.webservices.client.MockWebServiceServerTestExecutionListener@51b77cdf, org.springframework.boot.test.mock.mockito.ResetMocksTestExecutionListener@441fbe89]
11:25:07.437 [Test worker] DEBUG org.springframework.test.context.support.AbstractDirtiesContextTestExecutionListener - Before test class: context [DefaultTestContext@158ae284 testClass = NotifierApplicationTests, testInstance = [null], testMethod = [null], testException = [null], mergedContextConfiguration = [WebMergedContextConfiguration@50eb4a2c testClass = NotifierApplicationTests, locations = '{}', classes = '{class com.example.demo.NotifierApplication}', contextInitializerClasses = '[]', activeProfiles = '{}', propertySourceLocations = '{}', propertySourceProperties = '{org.springframework.boot.test.context.SpringBootTestContextBootstrapper=true}', contextCustomizers = set[org.springframework.boot.test.autoconfigure.actuate.metrics.MetricsExportContextCustomizerFactory$DisableMetricExportContextCustomizer@2eb917d0, org.springframework.boot.test.autoconfigure.properties.PropertyMappingContextCustomizer@0, org.springframework.boot.test.autoconfigure.web.servlet.WebDriverContextCustomizerFactory$Customizer@2459319c, org.springframework.boot.test.context.filter.ExcludeFilterContextCustomizer@4f3e7344, org.springframework.boot.test.json.DuplicateJsonObjectContextCustomizerFactory$DuplicateJsonObjectContextCustomizer@47fbc56, org.springframework.boot.test.mock.mockito.MockitoContextCustomizer@0, org.springframework.boot.test.web.client.TestRestTemplateContextCustomizer@4893b344, org.springframework.boot.test.context.SpringBootTestArgs@1, org.springframework.boot.test.context.SpringBootTestWebEnvironment@50687efb], resourceBasePath = 'src/main/webapp', contextLoader = 'org.springframework.boot.test.context.SpringBootContextLoader', parent = [null]], attributes = map['org.springframework.test.context.web.ServletTestExecutionListener.activateListener' -> true]], class annotated with @DirtiesContext [false] with mode [null].

  .   ____          _            __ _ _
 /\\ / ___'_ __ _ _(_)_ __  __ _ \ \ \ \
( ( )\___ | '_ | '_| | '_ \/ _` | \ \ \ \
 \\/  ___)| |_)| | | | | || (_| |  ) ) ) )
  '  |____| .__|_| |_|_| |_\__, | / / / /
 =========|_|==============|___/=/_/_/_/
 :: Spring Boot ::               (v2.7.11)

2023-05-25 11:25:07.925  INFO 2520 --- [    Test worker] c.example.demo.NotifierApplicationTests  : Starting NotifierApplicationTests using Java 17.0.6 on DESKTOP-UIM1VB6 with PID 2520 (started by Angel D Gomez in C:\Users\Angel D Gomez\Documents\Uni\Software\RestFull\Notifier)
2023-05-25 11:25:07.927  INFO 2520 --- [    Test worker] c.example.demo.NotifierApplicationTests  : No active profile set, falling back to 1 default profile: "default"
2023-05-25 11:25:10.217  INFO 2520 --- [    Test worker] o.s.a.r.c.CachingConnectionFactory       : Attempting to connect to: [localhost:5672]
2023-05-25 11:25:10.297  INFO 2520 --- [    Test worker] o.s.a.r.c.CachingConnectionFactory       : Created new connection: rabbitConnectionFactory#4c2057c6:0/SimpleConnection@62dfe32e [delegate=amqp://guest@127.0.0.1:5672/, localPort= 53776]
2023-05-25 11:25:10.360  INFO 2520 --- [    Test worker] c.example.demo.NotifierApplicationTests  : Started NotifierApplicationTests in 2.868 seconds (JVM running for 5.571)
]]></system-out>
  <system-err><![CDATA[]]></system-err>
</testsuite>
