<?xml version="1.0" encoding="UTF-8"?>
<testsuite name="com.example.demo.integration.controller.NotifierListenerControllerTest" tests="1" skipped="0" failures="0" errors="0" timestamp="2023-05-25T18:36:58" hostname="DESKTOP-UIM1VB6" time="20.503">
  <properties/>
  <testcase name="Given_pickupPetNotificationJson_When_invoke_receiveOrder_Then_return_successful_message()" classname="com.example.demo.integration.controller.NotifierListenerControllerTest" time="20.503"/>
  <system-out><![CDATA[13:36:54.468 [Test worker] DEBUG org.springframework.test.context.BootstrapUtils - Instantiating CacheAwareContextLoaderDelegate from class [org.springframework.test.context.cache.DefaultCacheAwareContextLoaderDelegate]
13:36:54.492 [Test worker] DEBUG org.springframework.test.context.BootstrapUtils - Instantiating BootstrapContext using constructor [public org.springframework.test.context.support.DefaultBootstrapContext(java.lang.Class,org.springframework.test.context.CacheAwareContextLoaderDelegate)]
13:36:54.553 [Test worker] DEBUG org.springframework.test.context.BootstrapUtils - Instantiating TestContextBootstrapper for test class [com.example.demo.integration.controller.NotifierListenerControllerTest] from class [org.springframework.boot.test.context.SpringBootTestContextBootstrapper]
13:36:54.569 [Test worker] INFO org.springframework.boot.test.context.SpringBootTestContextBootstrapper - Neither @ContextConfiguration nor @ContextHierarchy found for test class [com.example.demo.integration.controller.NotifierListenerControllerTest], using SpringBootContextLoader
13:36:54.576 [Test worker] DEBUG org.springframework.test.context.support.AbstractContextLoader - Did not detect default resource location for test class [com.example.demo.integration.controller.NotifierListenerControllerTest]: class path resource [com/example/demo/integration/controller/NotifierListenerControllerTest-context.xml] does not exist
13:36:54.577 [Test worker] DEBUG org.springframework.test.context.support.AbstractContextLoader - Did not detect default resource location for test class [com.example.demo.integration.controller.NotifierListenerControllerTest]: class path resource [com/example/demo/integration/controller/NotifierListenerControllerTestContext.groovy] does not exist
13:36:54.577 [Test worker] INFO org.springframework.test.context.support.AbstractContextLoader - Could not detect default resource locations for test class [com.example.demo.integration.controller.NotifierListenerControllerTest]: no resource found for suffixes {-context.xml, Context.groovy}.
13:36:54.578 [Test worker] INFO org.springframework.test.context.support.AnnotationConfigContextLoaderUtils - Could not detect default configuration classes for test class [com.example.demo.integration.controller.NotifierListenerControllerTest]: NotifierListenerControllerTest does not declare any static, non-private, non-final, nested classes annotated with @Configuration.
13:36:54.730 [Test worker] DEBUG org.springframework.context.annotation.ClassPathScanningCandidateComponentProvider - Identified candidate component class: file [C:\Users\Angel D Gomez\Documents\Uni\Software\RestFull\Notifier\build\classes\java\main\com\example\demo\NotifierApplication.class]
13:36:54.731 [Test worker] INFO org.springframework.boot.test.context.SpringBootTestContextBootstrapper - Found @SpringBootConfiguration com.example.demo.NotifierApplication for test class com.example.demo.integration.controller.NotifierListenerControllerTest
13:36:54.883 [Test worker] DEBUG org.springframework.boot.test.context.SpringBootTestContextBootstrapper - @TestExecutionListeners is not present for class [com.example.demo.integration.controller.NotifierListenerControllerTest]: using defaults.
13:36:54.883 [Test worker] INFO org.springframework.boot.test.context.SpringBootTestContextBootstrapper - Loaded default TestExecutionListener class names from location [META-INF/spring.factories]: [org.springframework.boot.test.autoconfigure.restdocs.RestDocsTestExecutionListener, org.springframework.boot.test.autoconfigure.web.client.MockRestServiceServerResetTestExecutionListener, org.springframework.boot.test.autoconfigure.web.servlet.MockMvcPrintOnlyOnFailureTestExecutionListener, org.springframework.boot.test.autoconfigure.web.servlet.WebDriverTestExecutionListener, org.springframework.boot.test.autoconfigure.webservices.client.MockWebServiceServerTestExecutionListener, org.springframework.boot.test.mock.mockito.MockitoTestExecutionListener, org.springframework.boot.test.mock.mockito.ResetMocksTestExecutionListener, org.springframework.test.context.web.ServletTestExecutionListener, org.springframework.test.context.support.DirtiesContextBeforeModesTestExecutionListener, org.springframework.test.context.event.ApplicationEventsTestExecutionListener, org.springframework.test.context.support.DependencyInjectionTestExecutionListener, org.springframework.test.context.support.DirtiesContextTestExecutionListener, org.springframework.test.context.transaction.TransactionalTestExecutionListener, org.springframework.test.context.jdbc.SqlScriptsTestExecutionListener, org.springframework.test.context.event.EventPublishingTestExecutionListener]
13:36:54.910 [Test worker] INFO org.springframework.boot.test.context.SpringBootTestContextBootstrapper - Using TestExecutionListeners: [org.springframework.test.context.web.ServletTestExecutionListener@b0fd744, org.springframework.test.context.support.DirtiesContextBeforeModesTestExecutionListener@92d1782, org.springframework.test.context.event.ApplicationEventsTestExecutionListener@6a1ef65c, org.springframework.boot.test.mock.mockito.MockitoTestExecutionListener@72976b4, org.springframework.boot.test.autoconfigure.SpringBootDependencyInjectionTestExecutionListener@726934e2, org.springframework.test.context.support.DirtiesContextTestExecutionListener@1319bc2a, org.springframework.test.context.transaction.TransactionalTestExecutionListener@e280403, org.springframework.test.context.jdbc.SqlScriptsTestExecutionListener@42f85fa4, org.springframework.test.context.event.EventPublishingTestExecutionListener@798dad3d, org.springframework.boot.test.autoconfigure.restdocs.RestDocsTestExecutionListener@27abb6ca, org.springframework.boot.test.autoconfigure.web.client.MockRestServiceServerResetTestExecutionListener@696db620, org.springframework.boot.test.autoconfigure.web.servlet.MockMvcPrintOnlyOnFailureTestExecutionListener@6968c1d6, org.springframework.boot.test.autoconfigure.web.servlet.WebDriverTestExecutionListener@7d986d83, org.springframework.boot.test.autoconfigure.webservices.client.MockWebServiceServerTestExecutionListener@77f991c, org.springframework.boot.test.mock.mockito.ResetMocksTestExecutionListener@3a7e365]
13:36:54.914 [Test worker] DEBUG org.springframework.test.context.support.AbstractDirtiesContextTestExecutionListener - Before test class: context [DefaultTestContext@4fa4f485 testClass = NotifierListenerControllerTest, testInstance = [null], testMethod = [null], testException = [null], mergedContextConfiguration = [WebMergedContextConfiguration@68dd39d2 testClass = NotifierListenerControllerTest, locations = '{}', classes = '{class com.example.demo.NotifierApplication}', contextInitializerClasses = '[]', activeProfiles = '{test}', propertySourceLocations = '{}', propertySourceProperties = '{org.springframework.boot.test.context.SpringBootTestContextBootstrapper=true, server.port=0}', contextCustomizers = set[org.springframework.boot.test.autoconfigure.actuate.metrics.MetricsExportContextCustomizerFactory$DisableMetricExportContextCustomizer@7c2b58c0, org.springframework.boot.test.autoconfigure.properties.PropertyMappingContextCustomizer@0, org.springframework.boot.test.autoconfigure.web.servlet.WebDriverContextCustomizerFactory$Customizer@3b9632d1, org.springframework.boot.test.context.filter.ExcludeFilterContextCustomizer@336880df, org.springframework.boot.test.json.DuplicateJsonObjectContextCustomizerFactory$DuplicateJsonObjectContextCustomizer@4248b963, org.springframework.boot.test.mock.mockito.MockitoContextCustomizer@0, org.springframework.boot.test.web.client.TestRestTemplateContextCustomizer@7a904f32, org.springframework.boot.test.context.SpringBootTestArgs@1, org.springframework.boot.test.context.SpringBootTestWebEnvironment@2f2bf0e2], resourceBasePath = 'src/main/webapp', contextLoader = 'org.springframework.boot.test.context.SpringBootContextLoader', parent = [null]], attributes = map['org.springframework.test.context.web.ServletTestExecutionListener.activateListener' -> false]], class annotated with @DirtiesContext [false] with mode [null].
13:36:54.931 [Test worker] DEBUG org.springframework.test.context.support.DependencyInjectionTestExecutionListener - Performing dependency injection for test context [[DefaultTestContext@4fa4f485 testClass = NotifierListenerControllerTest, testInstance = com.example.demo.integration.controller.NotifierListenerControllerTest@5a97b17c, testMethod = [null], testException = [null], mergedContextConfiguration = [WebMergedContextConfiguration@68dd39d2 testClass = NotifierListenerControllerTest, locations = '{}', classes = '{class com.example.demo.NotifierApplication}', contextInitializerClasses = '[]', activeProfiles = '{test}', propertySourceLocations = '{}', propertySourceProperties = '{org.springframework.boot.test.context.SpringBootTestContextBootstrapper=true, server.port=0}', contextCustomizers = set[org.springframework.boot.test.autoconfigure.actuate.metrics.MetricsExportContextCustomizerFactory$DisableMetricExportContextCustomizer@7c2b58c0, org.springframework.boot.test.autoconfigure.properties.PropertyMappingContextCustomizer@0, org.springframework.boot.test.autoconfigure.web.servlet.WebDriverContextCustomizerFactory$Customizer@3b9632d1, org.springframework.boot.test.context.filter.ExcludeFilterContextCustomizer@336880df, org.springframework.boot.test.json.DuplicateJsonObjectContextCustomizerFactory$DuplicateJsonObjectContextCustomizer@4248b963, org.springframework.boot.test.mock.mockito.MockitoContextCustomizer@0, org.springframework.boot.test.web.client.TestRestTemplateContextCustomizer@7a904f32, org.springframework.boot.test.context.SpringBootTestArgs@1, org.springframework.boot.test.context.SpringBootTestWebEnvironment@2f2bf0e2], resourceBasePath = 'src/main/webapp', contextLoader = 'org.springframework.boot.test.context.SpringBootContextLoader', parent = [null]], attributes = map['org.springframework.test.context.web.ServletTestExecutionListener.activateListener' -> false, 'org.springframework.test.context.event.ApplicationEventsTestExecutionListener.recordApplicationEvents' -> false]]].

  .   ____          _            __ _ _
 /\\ / ___'_ __ _ _(_)_ __  __ _ \ \ \ \
( ( )\___ | '_ | '_| | '_ \/ _` | \ \ \ \
 \\/  ___)| |_)| | | | | || (_| |  ) ) ) )
  '  |____| .__|_| |_|_| |_\__, | / / / /
 =========|_|==============|___/=/_/_/_/
 :: Spring Boot ::               (v2.7.11)

2023-05-25 13:36:55.400  INFO 28536 --- [    Test worker] c.e.d.i.c.NotifierListenerControllerTest : Starting NotifierListenerControllerTest using Java 17.0.6 on DESKTOP-UIM1VB6 with PID 28536 (started by Angel D Gomez in C:\Users\Angel D Gomez\Documents\Uni\Software\RestFull\Notifier)
2023-05-25 13:36:55.401  INFO 28536 --- [    Test worker] c.e.d.i.c.NotifierListenerControllerTest : The following 1 profile is active: "test"
2023-05-25 13:36:56.656  INFO 28536 --- [    Test worker] o.s.b.w.embedded.tomcat.TomcatWebServer  : Tomcat initialized with port(s): 0 (http)
2023-05-25 13:36:56.674  INFO 28536 --- [    Test worker] o.apache.catalina.core.StandardService   : Starting service [Tomcat]
2023-05-25 13:36:56.675  INFO 28536 --- [    Test worker] org.apache.catalina.core.StandardEngine  : Starting Servlet engine: [Apache Tomcat/9.0.74]
2023-05-25 13:36:56.772  INFO 28536 --- [    Test worker] o.a.c.c.C.[Tomcat].[localhost].[/]       : Initializing Spring embedded WebApplicationContext
2023-05-25 13:36:56.772  INFO 28536 --- [    Test worker] w.s.c.ServletWebServerApplicationContext : Root WebApplicationContext: initialization completed in 1331 ms
2023-05-25 13:36:57.869  INFO 28536 --- [    Test worker] o.s.b.w.embedded.tomcat.TomcatWebServer  : Tomcat started on port(s): 51387 (http) with context path ''
2023-05-25 13:36:57.871  INFO 28536 --- [    Test worker] o.s.a.r.c.CachingConnectionFactory       : Attempting to connect to: [localhost:5672]
2023-05-25 13:36:57.947  INFO 28536 --- [    Test worker] o.s.a.r.c.CachingConnectionFactory       : Created new connection: rabbitConnectionFactory#2a4d34b2:0/SimpleConnection@9a72eee [delegate=amqp://guest@127.0.0.1:5672/, localPort= 51388]
2023-05-25 13:36:58.005  INFO 28536 --- [    Test worker] c.e.d.i.c.NotifierListenerControllerTest : Started NotifierListenerControllerTest in 3.034 seconds (JVM running for 4.635)
]]></system-out>
  <system-err><![CDATA[]]></system-err>
</testsuite>
